{
  "RSpec": {
    "coverage": {
      "/var/app/lib/app.rb": {
        "lines": [
          1,
          1,
          null,
          1,
          1,
          1,
          1,
          1,
          1,
          null,
          1,
          1,
          null,
          1,
          1,
          1,
          null,
          1,
          1,
          null
        ],
        "branches": {
        }
      },
      "/var/app/lib/controller/meter_reading_controller.rb": {
        "lines": [
          1,
          1,
          null,
          1,
          1,
          6,
          6,
          null,
          null,
          1,
          10,
          7,
          7,
          null,
          null,
          null,
          1,
          3,
          3,
          null,
          null,
          1,
          7,
          7,
          4,
          4,
          4,
          null,
          3,
          null,
          null,
          null
        ],
        "branches": {
          "[:if, 0, 11, 4, 14, 7]": {
            "[:then, 1, 12, 6, 13, 53]": 7,
            "[:else, 2, 11, 4, 14, 7]": 3
          },
          "[:if, 3, 24, 4, 30, 7]": {
            "[:then, 4, 25, 6, 27, 16]": 4,
            "[:else, 5, 29, 6, 29, 16]": 3
          }
        }
      },
      "/var/app/lib/service/electricity_reading_service.rb": {
        "lines": [
          1,
          null,
          1,
          1,
          15,
          null,
          null,
          1,
          12,
          null,
          null,
          1,
          11,
          11,
          null,
          null,
          1,
          0,
          0,
          null,
          0,
          null,
          null
        ],
        "branches": {
        }
      },
      "/var/app/lib/helpers/usage_interval.rb": {
        "lines": [
          1,
          null,
          1,
          1,
          0,
          0,
          0,
          null,
          null,
          1,
          0,
          null,
          null,
          1,
          0,
          null,
          null,
          1,
          0,
          null,
          null
        ],
        "branches": {
        }
      },
      "/var/app/lib/controller/price_plan_comparator_controller.rb": {
        "lines": [
          1,
          1,
          1,
          null,
          1,
          7,
          7,
          7,
          null,
          null,
          1,
          2,
          2,
          2,
          2,
          2,
          2,
          1,
          null,
          1,
          null,
          null,
          null,
          1,
          4,
          4,
          4,
          null,
          4,
          4,
          9,
          9,
          null,
          4,
          1,
          3,
          1,
          null,
          2,
          null,
          null,
          null
        ],
        "branches": {
          "[:if, 0, 15, 4, 15, 33]": {
            "[:then, 1, 15, 4, 15, 14]": 1,
            "[:else, 2, 15, 4, 15, 33]": 1
          },
          "[:if, 3, 17, 4, 21, 7]": {
            "[:then, 4, 18, 6, 18, 16]": 1,
            "[:else, 5, 20, 6, 20, 88]": 1
          },
          "[:if, 6, 36, 4, 39, 51]": {
            "[:then, 7, 37, 6, 37, 33]": 1,
            "[:else, 8, 39, 6, 39, 51]": 2
          },
          "[:if, 9, 34, 4, 40, 7]": {
            "[:then, 10, 35, 6, 35, 16]": 1,
            "[:else, 11, 36, 4, 39, 51]": 3
          }
        }
      },
      "/var/app/lib/service/price_plan_service.rb": {
        "lines": [
          1,
          null,
          1,
          1,
          7,
          7,
          null,
          null,
          1,
          6,
          6,
          null,
          null,
          4,
          12,
          null,
          null,
          null,
          null,
          1,
          12,
          12,
          null,
          12,
          null,
          12,
          null,
          null,
          1,
          36,
          null,
          null,
          1,
          36,
          12,
          null,
          null
        ],
        "branches": {
          "[:if, 0, 11, 4, 17, 7]": {
            "[:then, 1, 11, 4, 17, 7]": 2,
            "[:else, 2, 14, 6, 16, 14]": 4
          }
        }
      },
      "/var/app/lib/service/account_service.rb": {
        "lines": [
          1,
          1,
          7,
          null,
          null,
          1,
          2,
          null,
          null
        ],
        "branches": {
        }
      },
      "/var/app/lib/configuration.rb": {
        "lines": [
          1,
          1,
          null,
          1,
          1,
          1,
          1,
          null,
          1,
          1,
          1,
          null,
          1,
          1,
          1,
          1,
          1,
          null,
          1,
          null,
          1,
          null,
          null,
          null,
          null,
          null,
          1,
          null,
          2,
          null,
          null,
          null,
          null,
          null,
          null,
          null,
          1,
          1,
          1,
          5,
          null,
          null,
          null
        ],
        "branches": {
        }
      },
      "/var/app/lib/domain/price_plan.rb": {
        "lines": [
          1,
          1,
          null,
          1,
          23,
          23,
          23,
          23,
          null,
          null,
          1,
          4,
          2,
          null,
          null,
          1,
          1,
          null,
          1,
          2,
          2,
          null,
          null,
          null
        ],
        "branches": {
          "[:if, 0, 13, 4, 13, 55]": {
            "[:then, 1, 13, 15, 13, 25]": 1,
            "[:else, 2, 13, 28, 13, 55]": 1
          }
        }
      },
      "/var/app/lib/generator/electricity_readings_generator.rb": {
        "lines": [
          1,
          null,
          1,
          1,
          5,
          5,
          null,
          5,
          null,
          200,
          null,
          null,
          null,
          null,
          null
        ],
        "branches": {
        }
      }
    },
    "timestamp": 1653527985
  }
}
