{
  "RSpec": {
    "coverage": {
      "/var/app/lib/app.rb": {
        "lines": [
          null,
          null,
          1,
          1,
          null,
          1,
          1,
          1,
          1,
          1,
          1,
          null,
          1,
          1,
          null,
          1,
          1,
          1,
          null,
          1,
          1,
          null
        ],
        "branches": {
        }
      },
      "/var/app/lib/controller/meter_reading_controller.rb": {
        "lines": [
          null,
          null,
          1,
          1,
          null,
          1,
          null,
          1,
          14,
          14,
          null,
          null,
          null,
          1,
          29,
          18,
          18,
          null,
          null,
          null,
          1,
          5,
          5,
          null,
          null,
          1,
          18,
          18,
          15,
          15,
          15,
          null,
          3,
          null,
          null,
          null,
          1,
          6,
          6,
          null,
          6,
          4,
          null,
          2,
          null,
          null,
          null
        ],
        "branches": {
          "[:if, 0, 15, 4, 18, 7]": {
            "[:then, 1, 16, 6, 17, 53]": 18,
            "[:else, 2, 15, 4, 18, 7]": 11
          },
          "[:\"&.\", 3, 28, 7, 28, 23]": {
            "[:then, 4, 28, 7, 28, 23]": 16,
            "[:else, 5, 28, 7, 28, 23]": 2
          },
          "[:\"&.\", 6, 28, 7, 28, 34]": {
            "[:then, 7, 28, 7, 28, 34]": 16,
            "[:else, 8, 28, 7, 28, 34]": 2
          },
          "[:if, 9, 28, 4, 34, 7]": {
            "[:then, 10, 29, 6, 31, 16]": 15,
            "[:else, 11, 33, 6, 33, 16]": 3
          },
          "[:if, 12, 41, 4, 45, 7]": {
            "[:then, 13, 42, 6, 42, 36]": 4,
            "[:else, 14, 44, 6, 44, 16]": 2
          }
        }
      },
      "/var/app/lib/service/electricity_reading_service.rb": {
        "lines": [
          null,
          null,
          1,
          1,
          null,
          1,
          1,
          29,
          null,
          null,
          1,
          18,
          null,
          null,
          1,
          28,
          28,
          null,
          null,
          1,
          8,
          null,
          6,
          12,
          12,
          null,
          null,
          null,
          1,
          null,
          1,
          18,
          null,
          null,
          1,
          24,
          null,
          null,
          1,
          12,
          null,
          null
        ],
        "branches": {
          "[:unless, 0, 21, 4, 21, 43]": {
            "[:else, 1, 21, 4, 21, 43]": 6,
            "[:then, 2, 21, 4, 21, 10]": 2
          },
          "[:\"&.\", 3, 32, 43, 32, 73]": {
            "[:then, 4, 32, 43, 32, 73]": 12,
            "[:else, 5, 32, 43, 32, 73]": 0
          }
        }
      },
      "/var/app/lib/helpers/usage_interval.rb": {
        "lines": [
          null,
          null,
          1,
          null,
          1,
          1,
          6,
          6,
          6,
          null,
          null,
          1,
          6,
          null,
          null,
          1,
          12,
          null,
          null,
          1,
          12,
          null,
          null
        ],
        "branches": {
        }
      },
      "/var/app/lib/controller/price_plan_comparator_controller.rb": {
        "lines": [
          null,
          null,
          1,
          1,
          1,
          null,
          null,
          1,
          11,
          11,
          11,
          null,
          null,
          null,
          1,
          3,
          3,
          3,
          3,
          3,
          3,
          1,
          null,
          2,
          null,
          null,
          null,
          1,
          7,
          7,
          7,
          null,
          7,
          43,
          null,
          7,
          1,
          6,
          2,
          null,
          4,
          null,
          null,
          null
        ],
        "branches": {
          "[:if, 0, 19, 4, 19, 33]": {
            "[:then, 1, 19, 4, 19, 14]": 1,
            "[:else, 2, 19, 4, 19, 33]": 2
          },
          "[:if, 3, 21, 4, 25, 7]": {
            "[:then, 4, 22, 6, 22, 16]": 1,
            "[:else, 5, 24, 6, 24, 88]": 2
          },
          "[:if, 6, 38, 4, 41, 51]": {
            "[:then, 7, 39, 6, 39, 33]": 2,
            "[:else, 8, 41, 6, 41, 51]": 4
          },
          "[:if, 9, 36, 4, 42, 7]": {
            "[:then, 10, 37, 6, 37, 16]": 1,
            "[:else, 11, 38, 4, 41, 51]": 6
          }
        }
      },
      "/var/app/lib/service/price_plan_service.rb": {
        "lines": [
          null,
          null,
          1,
          null,
          1,
          1,
          11,
          11,
          null,
          null,
          1,
          10,
          10,
          null,
          null,
          8,
          24,
          null,
          null,
          null,
          null,
          1,
          24,
          24,
          null,
          24,
          null,
          24,
          null,
          null,
          1,
          72,
          null,
          null,
          1,
          72,
          24,
          null,
          null
        ],
        "branches": {
          "[:if, 0, 13, 4, 19, 7]": {
            "[:then, 1, 13, 4, 19, 7]": 2,
            "[:else, 2, 16, 6, 18, 9]": 8
          }
        }
      },
      "/var/app/lib/service/account_service.rb": {
        "lines": [
          null,
          null,
          1,
          1,
          11,
          null,
          null,
          1,
          3,
          null,
          null
        ],
        "branches": {
        }
      },
      "/var/app/lib/configuration.rb": {
        "lines": [
          null,
          null,
          1,
          1,
          null,
          1,
          1,
          1,
          1,
          null,
          1,
          1,
          1,
          null,
          1,
          1,
          1,
          1,
          1,
          null,
          1,
          null,
          1,
          null,
          null,
          null,
          null,
          null,
          1,
          null,
          2,
          null,
          null,
          null,
          null,
          null,
          null,
          null,
          1,
          1,
          1,
          5,
          null,
          null,
          null
        ],
        "branches": {
        }
      },
      "/var/app/lib/domain/price_plan.rb": {
        "lines": [
          null,
          null,
          1,
          1,
          null,
          1,
          35,
          35,
          35,
          35,
          null,
          null,
          1,
          4,
          2,
          null,
          null,
          1,
          1,
          null,
          1,
          2,
          2,
          null,
          null,
          null
        ],
        "branches": {
          "[:if, 0, 15, 4, 15, 89]": {
            "[:then, 1, 15, 32, 15, 42]": 1,
            "[:else, 2, 15, 45, 15, 89]": 1
          }
        }
      },
      "/var/app/lib/generator/electricity_readings_generator.rb": {
        "lines": [
          null,
          null,
          1,
          null,
          1,
          1,
          5,
          5,
          null,
          5,
          null,
          200,
          null,
          null,
          null,
          null,
          null
        ],
        "branches": {
        }
      }
    },
    "timestamp": 1653616421
  }
}
